[24-Oct-2025 09:18:20 UTC] PHP Fatal error:  Uncaught Exception: Method viewproposal does not exist in app\controllers\admin\UserController in /var/www/html/core/Route.php:93
Stack trace:
#0 /var/www/html/core/Route.php(25): core\Route::call_back(Array)
#1 [internal function]: core\Route::get('/viewproposal/{...', Array)
#2 /var/www/html/app/controllers/CommonController.php(236): call_user_func(Array, '/viewproposal/{...', Array)
#3 /var/www/html/core/app.php(49): app\controllers\CommonController::authRoute('get', '/viewproposal/{...', Array)
#4 /var/www/html/index.php(45): require_once('/var/www/html/c...')
#5 {main}
  thrown in /var/www/html/core/Route.php on line 93
[24-Oct-2025 09:36:12 UTC] PHP Parse error:  syntax error, unexpected '*' in /var/www/html/app/controllers/admin/ProposalController.php on line 421
[24-Oct-2025 09:36:17 UTC] PHP Parse error:  syntax error, unexpected '*' in /var/www/html/app/controllers/admin/ProposalController.php on line 421
[24-Oct-2025 13:39:25 UTC] PHP Fatal error:  Uncaught mysqli_sql_exception: Unknown column 'zlt_id_loan_id' in 'where clause' in /var/www/html/core/MysqliDb.php:2047
Stack trace:
#0 /var/www/html/core/MysqliDb.php(2047): mysqli->prepare('SELECT  * FROM ...')
#1 /var/www/html/core/MysqliDb.php(1653): core\MysqliDb->_prepareQuery()
#2 /var/www/html/core/MysqliDb.php(776): core\MysqliDb->_buildQuery(Array)
#3 /var/www/html/app/models/Model.php(56): core\MysqliDb->get('zeon_loan', Array, '*')
#4 /var/www/html/app/models/Model.php(65): app\models\Model->get('zlt_id_loan_id ...', Array, '*')
#5 /var/www/html/app/controllers/admin/ProposalController.php(426): app\models\Model->getOne('zlt_id_loan_id ...')
#6 /var/www/html/core/Route.php(97): app\controllers\admin\ProposalController->viewproposal(Array)
#7 /var/www/html/core/Route.php(25): core\Route::call_back(Array)
#8 [internal function]: core\Route::get('/viewproposal/{...', Array)
#9 /var/www/html/app/controllers/CommonController.php(236): call_user_func(Array, '/viewproposal/{...', Array)
#10 /var/www/htm in /var/www/html/core/MysqliDb.php on line 2047
